C51 COMPILER V9.01   CHECK                                                                 08/24/2018 00:21:12 PAGE 1   


C51 COMPILER V9.01, COMPILATION OF MODULE CHECK
OBJECT MODULE PLACED IN check.OBJ
COMPILER INVOKED BY: G:\KI\C51\BIN\C51.EXE check.c BROWSE INCDIR(..\Documents) DEBUG OBJECTEXTEND

line level    source

   1          #include "check.h"
   2          void check (void)                                       //¼ì²éº¯Êý                              *                                 
   3          {                                                                                                                                         
   4   1          if((hour == ahour) && (minute == aminute) && (second == asecond)) 
   5   1          {                                           
   6   2                      P17=1;
   7   2                      delayms(10000);
   8   2                      P17=0;                  
   9   2          }                                                                  
  10   1                                                                                              
  11   1      }       


MODULE INFORMATION:   STATIC OVERLAYABLE
   CODE SIZE        =     27    ----
   CONSTANT SIZE    =   ----    ----
   XDATA SIZE       =   ----    ----
   PDATA SIZE       =   ----    ----
   DATA SIZE        =      2    ----
   IDATA SIZE       =   ----    ----
   BIT SIZE         =   ----    ----
END OF MODULE INFORMATION.


C51 COMPILATION COMPLETE.  0 WARNING(S),  0 ERROR(S)
