C51 COMPILER V9.01   DELAYMS                                                               08/24/2018 00:21:12 PAGE 1   


C51 COMPILER V9.01, COMPILATION OF MODULE DELAYMS
OBJECT MODULE PLACED IN delayms.OBJ
COMPILER INVOKED BY: G:\KI\C51\BIN\C51.EXE delayms.c BROWSE INCDIR(..\Documents) DEBUG OBJECTEXTEND

line level    source

   1          #include "delayms.h"
   2          
   3          void delayms(uint z)            //ÑÓÊ±º¯Êý                                *
   4          {       
   5   1              uint i,j;
   6   1              for(i=z;i>0;i--);
   7   1                      for(j=110;j>0;j--);
   8   1      }


MODULE INFORMATION:   STATIC OVERLAYABLE
   CODE SIZE        =     30    ----
   CONSTANT SIZE    =   ----    ----
   XDATA SIZE       =   ----    ----
   PDATA SIZE       =   ----    ----
   DATA SIZE        =      2    ----
   IDATA SIZE       =   ----    ----
   BIT SIZE         =   ----    ----
END OF MODULE INFORMATION.


C51 COMPILATION COMPLETE.  0 WARNING(S),  0 ERROR(S)
