C51 COMPILER V9.01   MAIN                                                                  08/24/2018 00:21:11 PAGE 1   


C51 COMPILER V9.01, COMPILATION OF MODULE MAIN
OBJECT MODULE PLACED IN main.OBJ
COMPILER INVOKED BY: G:\KI\C51\BIN\C51.EXE main.c BROWSE INCDIR(..\Documents) DEBUG OBJECTEXTEND

line level    source

   1          #include "main.h"
   2          
   3          
   4                  uchar xliang[]={0xc0,0xf9,0xa4,0xb0,0x99,0x92,0x82,0xf8,0x80,0x90}; //段选码 小亮 共阳
   5                  uchar dliang[]={0x80,0x40,/*0x20,*/0x10,0x08,/*0x04,*/0x02,0x01}; //位选码 大亮
   6                  uchar second,minute,hour,x,i,cases=0,t0=0,j,reset=0,second_1,minute_1,hour_1;
   7                  uchar asecond=0,aminute=0,ahour=0;
   8                  uchar add[]={0,0,0,0,0,0,0,0};
   9                  uchar bdd[]={0,0,0,0,0,0,0,0};
  10                  uint light=0;
  11          void main()                                                //主函数               *
  12          {       
  13   1              start();
  14   1              while(1)                                             
  15   1              {       
  16   2                      pwm();
  17   2                      if(cases==1)
  18   2                      {
  19   3                              second_1= second;          //second_1作为辅助
  20   3                              minute_1= minute;
  21   3                              hour_1 = hour;
  22   3                              jia();
  23   3                              second = second_1;
  24   3                              minute = minute_1;
  25   3                              hour = hour_1;
  26   3                      }
  27   2                      if(cases==2)
  28   2                      {
  29   3                              second_1= asecond;         //second_1作为辅助
  30   3                              minute_1= aminute;
  31   3                              hour_1 = ahour;
  32   3                              jia();
  33   3                              asecond = second_1;
  34   3                              aminute = minute_1;
  35   3                              ahour = hour_1;
  36   3                      }
  37   2              }
  38   1      }


MODULE INFORMATION:   STATIC OVERLAYABLE
   CODE SIZE        =     60    ----
   CONSTANT SIZE    =   ----    ----
   XDATA SIZE       =   ----    ----
   PDATA SIZE       =   ----    ----
   DATA SIZE        =     49    ----
   IDATA SIZE       =   ----    ----
   BIT SIZE         =   ----    ----
END OF MODULE INFORMATION.


C51 COMPILATION COMPLETE.  0 WARNING(S),  0 ERROR(S)
