C51 COMPILER V9.01   PLUS                                                                  08/24/2018 00:21:11 PAGE 1   


C51 COMPILER V9.01, COMPILATION OF MODULE PLUS
OBJECT MODULE PLACED IN plus.OBJ
COMPILER INVOKED BY: G:\KI\C51\BIN\C51.EXE plus.c BROWSE INCDIR(..\Documents) DEBUG OBJECTEXTEND

line level    source

   1          #include "plus.h"
   2          void jia(void)                  //就是加啊                                                *
   3          {
   4   1              if(P35 == 0)
   5   1              {
   6   2                      delayms(5);               //消抖确保其一直连着
   7   2                      if(P35 == 0)
   8   2                      {
   9   3                              switch(reset)
  10   3                              {
  11   4                                      case 0 :
  12   4                                              {
  13   5                                                      second_1++;
  14   5                                                      if(second_1 > 59)
  15   5                                                              second_1 = 0;                                           
  16   5                                              } break;
  17   4                                      case 1 :
  18   4                                              {
  19   5                                                      minute_1++;
  20   5                                                      if(minute_1 > 59)
  21   5                                                              minute_1 = 0;                                           
  22   5                                              } break;
  23   4                                      case 2 :
  24   4                                              {
  25   5                                                      hour_1++;
  26   5                                                      if(hour_1 > 24)
  27   5                                                              hour_1 = 0;                                     
  28   5                                              }
  29   4                                      default : break; 
  30   4                              }
  31   3      
  32   3                      }
  33   2                      while(P35 == 0);
  34   2              }               
  35   1      }


MODULE INFORMATION:   STATIC OVERLAYABLE
   CODE SIZE        =     69    ----
   CONSTANT SIZE    =   ----    ----
   XDATA SIZE       =   ----    ----
   PDATA SIZE       =   ----    ----
   DATA SIZE        =      2    ----
   IDATA SIZE       =   ----    ----
   BIT SIZE         =   ----    ----
END OF MODULE INFORMATION.


C51 COMPILATION COMPLETE.  0 WARNING(S),  0 ERROR(S)
