C51 COMPILER V9.01   PWM                                                                   08/24/2018 00:21:12 PAGE 1   


C51 COMPILER V9.01, COMPILATION OF MODULE PWM
OBJECT MODULE PLACED IN pwm.OBJ
COMPILER INVOKED BY: G:\KI\C51\BIN\C51.EXE pwm.c BROWSE INCDIR(..\Documents) DEBUG OBJECTEXTEND

line level    source

   1          #include "pwm.h"
   2          void pwm(void)                                          //ºôÎüµÆº¯Êý
   3          {
   4   1                      P17=0;
   5   1                      delayms(light);
   6   1                      P17=1;
   7   1                      delayms(T-light);
   8   1      
   9   1                      light++;                                          
  10   1                      if(light==T)                             
  11   1                      {
  12   2                              for(;light>0;light--)     
  13   2                              {
  14   3                                      P17=0;
  15   3                                      delayms(light);
  16   3                                      P17=0xff;
  17   3                                      delayms(T-light);
  18   3                              }
  19   2                      }
  20   1      }


MODULE INFORMATION:   STATIC OVERLAYABLE
   CODE SIZE        =     84    ----
   CONSTANT SIZE    =   ----    ----
   XDATA SIZE       =   ----    ----
   PDATA SIZE       =   ----    ----
   DATA SIZE        =      2    ----
   IDATA SIZE       =   ----    ----
   BIT SIZE         =   ----    ----
END OF MODULE INFORMATION.


C51 COMPILATION COMPLETE.  0 WARNING(S),  0 ERROR(S)
