C51 COMPILER V9.01   START                                                                 08/24/2018 00:21:12 PAGE 1   


C51 COMPILER V9.01, COMPILATION OF MODULE START
OBJECT MODULE PLACED IN start.OBJ
COMPILER INVOKED BY: G:\KI\C51\BIN\C51.EXE start.c BROWSE INCDIR(..\Documents) DEBUG OBJECTEXTEND

line level    source

   1          #include "pwm.h"
   2          void start(void)                               //³õÖµº¯Êý          *
   3          {
   4   1              TMOD = 0x01;
   5   1              IE = 0x87;
   6   1              TH0 = (65536-45872)/256;
   7   1              TL0 = (65536-45872)%256;
   8   1              IT0 = 0;
   9   1              IT1 = 0;
  10   1              IP = 0x02;
  11   1              TR0 = 1;
  12   1              P17=0;
  13   1                      
  14   1      } 


MODULE INFORMATION:   STATIC OVERLAYABLE
   CODE SIZE        =     24    ----
   CONSTANT SIZE    =   ----    ----
   XDATA SIZE       =   ----    ----
   PDATA SIZE       =   ----    ----
   DATA SIZE        =      2    ----
   IDATA SIZE       =   ----    ----
   BIT SIZE         =   ----    ----
END OF MODULE INFORMATION.


C51 COMPILATION COMPLETE.  0 WARNING(S),  0 ERROR(S)
