C51 COMPILER V9.01   TIME                                                                  08/24/2018 00:21:12 PAGE 1   


C51 COMPILER V9.01, COMPILATION OF MODULE TIME
OBJECT MODULE PLACED IN time.OBJ
COMPILER INVOKED BY: G:\KI\C51\BIN\C51.EXE time.c BROWSE INCDIR(..\Documents) DEBUG OBJECTEXTEND

line level    source

   1          #include "pwm.h"
   2          void zjs(void)  //Õý¼ÆÊ±
   3          {       
   4   1              second++;
   5   1              if(second==60)
   6   1              {
   7   2                      minute++;
   8   2                      second=0;
   9   2              }
  10   1              if(minute==60)
  11   1              {
  12   2                      hour++;
  13   2                      minute=0;       
  14   2              }
  15   1              if(hour==24)
  16   1              {
  17   2                      hour=0;
  18   2              }       
  19   1      }


MODULE INFORMATION:   STATIC OVERLAYABLE
   CODE SIZE        =     31    ----
   CONSTANT SIZE    =   ----    ----
   XDATA SIZE       =   ----    ----
   PDATA SIZE       =   ----    ----
   DATA SIZE        =      2    ----
   IDATA SIZE       =   ----    ----
   BIT SIZE         =   ----    ----
END OF MODULE INFORMATION.


C51 COMPILATION COMPLETE.  0 WARNING(S),  0 ERROR(S)
